[07-30-2024 19:07:10] COMMAND :: 127.0.0.1:off-topic => +test beatme.py

```import discord

from ..utils.discord.messages import *

async def beatme(message: discord.message) -> bool:
  msg = Message(message)

  await msg.SendEmbedMsg(message, "EmbedTitle", "EmbedDescription", {"Field 1":"Desc", "Field 2":"Desc"})
```
[07-30-2024 19:08:00] COMMAND :: 127.0.0.1:off-topic => +test beatme.py

```import discord

from ..utils.discord.messages import *

async def beatme(message: discord.message) -> bool:
  msg = Message(message)

  await Message.SendEmbedMsg(message, "EmbedTitle", "EmbedDescription", {"Field 1":"Desc", "Field 2":"Desc"})
```
[07-30-2024 19:08:25] COMMAND :: 127.0.0.1:off-topic => +test beatme.py

```import discord

from ..utils.discord.messages import *

async def beatme(message: discord.message) -> bool:
  msg = Message(message)

  await Message.SendEmbedMsg(message, "EmbedTitle", "EmbedDescription", {"Field 1":"Desc", "Field 2":"Desc"})
```
[07-30-2024 19:08:52] COMMAND :: 127.0.0.1:off-topic => +test beatme.py

```import discord

from ..utils.discord.messages import *

async def beatme(message: discord.message) -> bool:
  msg = Message(message)

  await Message.SendEmbedMsg(message, 'EmbedTitle', 'EmbedDescription', {'Field 1':'Desc', 'Field 2':'Desc'})
```
[07-30-2024 19:08:53] MESSAGE :: Networky:chat => Still waiting for my WiFi
[07-30-2024 19:09:15] COMMAND :: 127.0.0.1:off-topic => +test beatme.py
```import discord

from ..utils.discord.messages import *

async def beatme(message: discord.message) -> bool:
  msg = Message(message)

  await Message.SendEmbedMsg(message, 'EmbedTitle', 'EmbedDescription', {'Field 1':'Desc', 'Field 2':'Desc'})
```
[07-30-2024 19:09:19] COMMAND :: 127.0.0.1:off-topic => +purge 10
[07-30-2024 19:09:35] COMMAND :: Networky:development => +test gay.py

```import discord

from ..utils.discord.messages import *

async def gay(message: discord.message) -> bool:
  msg = Message(message)

  await msg.SendEmbdedMsg(message, "TEST", "TEST", {"TEST":"GAY"})
```
[07-30-2024 19:09:46] COMMAND :: Networky:development => +test gay.py

```import discord

from ..utils.discord.messages import *

async def gay(message: discord.message) -> bool:
  msg = Message(message)

  await msg.SendEmbedMsg(message, "TEST", "TEST", {"TEST":"GAY"})
```
[07-30-2024 19:09:48] COMMAND :: Networky:development => +gay
[07-30-2024 19:10:29] COMMAND :: 127.0.0.1:off-topic => +test beatme.py

```import discord

from ..utils.discord.messages import *

async def beatme(message: discord.message) -> bool:
  msg = Message(message)

  await msg.SendEmbdedMsg(message, "Cant Beat This Bot", "bot2good", {"Field 1":"Desc","Field 2":"Desc"})
```
[07-30-2024 19:10:44] COMMAND :: 127.0.0.1:off-topic => +test beatme.py

```import discord

from ..utils.discord.messages import *

async def beatme(message: discord.message) -> bool:
  msg = Message(message)

  await msg.SendEmbdedMsg(message, "Cant Beat This Bot", "bot2good", {"Field 1":"Desc", "Field 2":"Desc"})
```
[07-30-2024 19:10:58] COMMAND :: 127.0.0.1:off-topic => +test beatme.py

```import discord

from ..utils.discord.messages import *

async def beatme(message: discord.message) -> bool:
  msg = Message(message)

  await msg.SendEmbdedMsg(message, "Cant Beat This Bot", "bot2good", {"Field 1":"Desc", "Field 2":"Desc"})
```
[07-30-2024 19:11:04] COMMAND :: 127.0.0.1:off-topic => +purge 4
[07-30-2024 19:11:21] COMMAND :: Networky:development => +test gg.py

```import discord

from ..utils.discord.messages import *

async def gay(message: discord.message) -> bool:
  msg = Message(message)

  await msg.SendEmbedMsg(message, "TEST", "TEST", {"TEST":"GAY"})
```
[07-30-2024 19:11:29] COMMAND :: 127.0.0.1:off-topic => +test gay.py

```import discord

from ..utils.discord.messages import *

async def gay(message: discord.message) -> bool:
  msg = Message(message)

  await msg.SendEmbedMsg(message, "TEST", "TEST", {"TEST":"GAY"})
```
[07-30-2024 19:12:35] COMMAND :: 127.0.0.1:off-topic => +test gay.py

```import discord

from ..utils.discord.messages import *

async def gay(message: discord.message) -> bool:
  msg = Message(message)

  await msg.SendEmbedMsg(message, "TEST", "TEST", {"TEST":"GAY"})
```
[07-30-2024 19:12:41] COMMAND :: 127.0.0.1:off-topic => +purge 2
[07-30-2024 19:12:50] COMMAND :: Networky:chat => +test gg.py

```import discord

from ..utils.discord.messages import *

async def gay(message: discord.message) -> bool:
  msg = Message(message)

  await msg.SendEmbedMsg(message, "TEST", "TEST", {"TEST":"GAY"})
```
[07-30-2024 19:13:20] COMMAND :: Networky:chat => +test gg.py

```import discord

from ..utils.discord.messages import *

async def gay(message: discord.message) -> bool:
  msg = Message(message)

  await msg.SendEmbedMsg(message, "TEST", "TEST", {"TEST":"GAY", "G": "E"})
```
[07-30-2024 19:14:11] COMMAND :: Networky:chat => +test beep.py

```import discord

from ..utils.discord.messages import *

async def beep(message: discord.message):
  await message.channel.send(message.content)```
[07-30-2024 19:14:15] COMMAND :: Networky:chat => +beep
[07-30-2024 19:15:50] COMMAND :: 127.0.0.1:off-topic => +test beatme.py

```import discord

async def beatme(message: discord.message):
  await message.channel.send("YOU CANT BEAT THIS BOT KEEEED")
```
[07-30-2024 19:16:03] COMMAND :: 127.0.0.1:off-topic => +test beatme.py

```import discord

async def beatme(message: discord.message):
  await message.channel.send("YOU CANT BEAT THIS BOT KEEEED")
```
[07-30-2024 19:16:28] MESSAGE :: 127.0.0.1:off-topic => ............
[07-30-2024 19:16:53] COMMAND :: 127.0.0.1:off-topic => +test beep.py

```import discord

from ..utils.discord.messages import *

async def beep(message: discord.message):
  await message.channel.send(message.content)```
[07-30-2024 19:17:07] COMMAND :: 127.0.0.1:off-topic => +purge 3
[07-30-2024 19:17:11] COMMAND :: 127.0.0.1:off-topic => +purge 2
[07-30-2024 19:17:24] MESSAGE :: 127.0.0.1:off-topic => <@1131407212061921320>
[07-30-2024 19:17:25] MESSAGE :: 127.0.0.1:off-topic => yo
[07-30-2024 19:17:39] MESSAGE :: ArmoredVM:log => 
[07-30-2024 20:27:16] COMMAND :: Networky:chat => +test beep.py

```import discord

from ..utils.discord.messages import *

async def beep(message: discord.message):
  await message.channel.send(message.content)```
[07-30-2024 20:27:19] COMMAND :: Networky:chat => +beep
[07-30-2024 20:34:04] MESSAGE :: ArmoredVM:log => 
[07-30-2024 20:43:02] MESSAGE :: ArmoredVM:log => 
[07-30-2024 20:43:37] MESSAGE :: ArmoredVM:log => 
[07-30-2024 20:46:58] MESSAGE :: ArmoredVM:log => 
[07-30-2024 20:48:25] MESSAGE :: Networky:chat => ```
[07-30-2024 20:34:04] MESSAGE :: ArmoredVM:log => 
[07-30-2024 20:43:02] MESSAGE :: ArmoredVM:log => 
[07-30-2024 20:43:37] MESSAGE :: ArmoredVM:log => 
[07-30-2024 20:46:58] MESSAGE :: ArmoredVM:log => ```
[07-30-2024 20:58:13] MESSAGE :: 127.0.0.1:off-topic => not done
[07-30-2024 21:01:10] MESSAGE :: ArmoredVM:joins => 
[07-30-2024 21:12:31] MESSAGE :: ArmoredVM:log => 
[07-30-2024 21:14:32] MESSAGE :: ArmoredVM:log => 
[07-30-2024 21:17:49] MESSAGE :: 127.0.0.1:off-topic => faggot
[07-30-2024 21:18:03] MESSAGE :: 127.0.0.1:off-topic => jeffery know gay
[07-30-2024 21:21:10] MESSAGE :: 127.0.0.1:off-topic => <:spongecryin:1246983177910620233>
[07-30-2024 21:21:17] MESSAGE :: 127.0.0.1:off-topic => https://tenor.com/view/what-tate-power-seriously-gif-15179198
[07-30-2024 21:21:35] MESSAGE :: ArmoredVM:log => 
[07-30-2024 21:21:38] MESSAGE :: ArmoredVM:log => 
[07-30-2024 21:23:22] MESSAGE :: ArmoredVM:log => 
[07-30-2024 21:23:32] COMMAND :: ArmoredVM:bots => +help
[07-30-2024 21:25:40] MESSAGE :: ArmoredVM:log => 
[07-30-2024 21:30:38] MESSAGE :: ArmoredVM:log => 
[07-30-2024 21:31:10] MESSAGE :: ArmoredVM:log => 
[07-30-2024 21:32:05] MESSAGE :: ArmoredVM:log => 
[07-30-2024 21:35:56] MESSAGE :: ArmoredVM:log => 
[07-30-2024 21:37:04] MESSAGE :: ArmoredVM:log => 
[07-30-2024 21:39:07] MESSAGE :: ArmoredVM:log => 
[07-30-2024 22:04:41] MESSAGE :: ArmoredVM:log => 
[07-30-2024 22:05:00] MESSAGE :: ArmoredVM:log => 
[07-30-2024 22:05:36] MESSAGE :: ArmoredVM:log => 
[07-30-2024 22:05:37] MESSAGE :: ArmoredVM:log => 
[07-30-2024 22:06:44] MESSAGE :: ArmoredVM:log => 
[07-30-2024 22:10:16] MESSAGE :: ArmoredVM:log => 
[07-30-2024 22:11:59] MESSAGE :: ArmoredVM:log => 
[07-30-2024 22:13:32] MESSAGE :: ArmoredVM:log => 
[07-30-2024 22:14:20] MESSAGE :: ArmoredVM:log => 
[07-30-2024 22:14:31] MESSAGE :: ArmoredVM:log => 
[07-30-2024 22:14:33] MESSAGE :: ArmoredVM:log => 
[07-30-2024 22:17:43] MESSAGE :: ArmoredVM:log => 
[07-30-2024 22:18:59] MESSAGE :: ArmoredVM:log => 
[07-30-2024 22:19:37] MESSAGE :: ArmoredVM:log => 
[07-30-2024 22:19:59] MESSAGE :: ArmoredVM:log => 
[07-30-2024 22:21:31] MESSAGE :: ArmoredVM:log => 
[07-30-2024 22:23:24] MESSAGE :: ArmoredVM:log => 
[07-30-2024 22:30:20] MESSAGE :: ArmoredVM:log => 
[07-30-2024 22:32:23] MESSAGE :: ArmoredVM:log => 
[07-30-2024 22:37:50] MESSAGE :: ArmoredVM:log => 
[07-30-2024 22:38:16] MESSAGE :: ArmoredVM:log => 
[07-30-2024 22:48:43] MESSAGE :: ArmoredVM:log => 
[07-30-2024 22:49:16] MESSAGE :: ArmoredVM:log => 
[07-30-2024 22:54:14] MESSAGE :: ArmoredVM:community-support => Hi sir I would like to purchase <@1108018643251507340>
[07-30-2024 22:54:43] MESSAGE :: ArmoredVM:community-support => https://tenor.com/view/trade-offer-gif-21546586
[07-30-2024 22:59:37] MESSAGE :: ArmoredVM:log => 
[07-30-2024 23:07:28] MESSAGE :: ArmoredVM:joins => 
[07-30-2024 23:10:16] MESSAGE :: 127.0.0.1:moderator-only => which?
[07-30-2024 23:11:02] MESSAGE :: 127.0.0.1:moderator-only => well I just got on, so hope you got a copy
[07-30-2024 23:14:12] MESSAGE :: ArmoredVM:community-support => Purchase what buddy
[07-30-2024 23:14:32] MESSAGE :: ArmoredVM:community-support => https://tenor.com/view/superstar-mahesh-babu-maharshi-mahesh-businessman-gif-12556301856267123191
[07-30-2024 23:34:29] MESSAGE :: 127.0.0.1:moderator-only => that C something with a main?
[07-30-2024 23:34:39] MESSAGE :: 127.0.0.1:moderator-only => c-monitor?
[07-30-2024 23:36:01] MESSAGE :: 127.0.0.1:moderator-only => its doing some drawing with ncurses
[07-30-2024 23:36:07] MESSAGE :: 127.0.0.1:moderator-only => and gets the information with this beauty
[07-30-2024 23:36:09] MESSAGE :: 127.0.0.1:moderator-only => ```c
popen("top -bn1 | grep \'Cpu(s)\' | sed \'s/.*, *\\([0-9.]*\\)%* id.*/\\1/\' | awk \'{p rint 100 - $1}\'"```
[07-31-2024 00:10:36] MESSAGE :: ArmoredVM:log => 
[07-31-2024 00:12:57] MESSAGE :: ArmoredVM:log => 
[07-31-2024 00:20:16] COMMAND :: Networky:development => +test
[07-31-2024 00:20:39] COMMAND :: Networky:development => +test I’m hexxer 1337 how dare you
[07-31-2024 00:20:51] COMMAND :: Networky:development => +gay
[07-31-2024 00:21:17] COMMAND :: Networky:development => +algoisgay
[07-31-2024 00:23:13] MESSAGE :: Networky:development => https://cdn.discordapp.com/attachments/1261295511734976573/1261305000823357510/nigggggggggggg.gif
[07-31-2024 00:25:09] MESSAGE :: ArmoredVM:log => 
[07-31-2024 01:22:00] MESSAGE :: 127.0.0.1:moderator-only => <@1263789141955579997>
[07-31-2024 01:22:43] COMMAND :: 127.0.0.1:moderator-only => +vcmuteall
[07-31-2024 01:32:52] MESSAGE :: Networky:commits => 
[07-31-2024 01:33:26] MESSAGE :: Networky:chat => <@1263789141955579997> reload bot dummy
[07-31-2024 01:48:42] MESSAGE :: 127.0.0.1:moderator-only => 
[07-31-2024 04:14:53] MESSAGE :: Networky:chat => done
[07-31-2024 04:46:27] COMMAND :: Networky:chat => +vcmuteall
[07-31-2024 04:46:37] MESSAGE :: Networky:chat => I didn’t push fuck lmao n I got off
[07-31-2024 04:46:55] MESSAGE :: Networky:chat => <@1235776145819959318> <@1263789141955579997> it should be done tho. For some I didn’t do all
[07-31-2024 04:47:00] MESSAGE :: Networky:chat => bruh what
[07-31-2024 04:47:07] MESSAGE :: Networky:chat => turn that shit back on
[07-31-2024 04:47:16] MESSAGE :: Networky:chat => It’s on
[07-31-2024 04:47:20] MESSAGE :: Networky:chat => why dnt u communicate when ur on and working on shit
[07-31-2024 04:47:23] MESSAGE :: Networky:chat => push update nigga
[07-31-2024 04:47:59] MESSAGE :: Networky:chat => I pushed it
[07-31-2024 04:48:04] COMMAND :: Networky:chat => +nuke
[07-31-2024 04:48:04] MESSAGE :: Networky:chat => no u didnt
[07-31-2024 04:48:13] MESSAGE :: Networky:chat => no u didnt
[07-31-2024 04:48:16] MESSAGE :: Networky:chat => u pushed one like 3 hrs ago
[07-31-2024 04:48:21] MESSAGE :: Networky:chat => Look at <#1257680744248250379>
[07-31-2024 04:48:26] MESSAGE :: Networky:chat => That’s when I was on nigga
[07-31-2024 04:48:30] MESSAGE :: Networky:chat => brrr
[07-31-2024 04:49:00] COMMAND :: Networky:chat => +mute <@1219343171608252426>
[07-31-2024 04:49:26] COMMAND :: Networky:chat => +vcmuteall
[07-31-2024 04:49:45] MESSAGE :: Networky:chat => https://puu.sh/Kc1d4/a63accb078.png
[07-31-2024 04:50:14] MESSAGE :: Networky:chat => Ok send that to me brother. Because when I tested on my end it worked
[07-31-2024 04:50:23] MESSAGE :: Networky:chat => when are you gonna realize commands.bot DISCORD BOTS are the same as DISCORD.CLIENT
[07-31-2024 04:50:35] MESSAGE :: Networky:chat => 
[07-31-2024 04:51:08] MESSAGE :: Networky:chat => That’s what I have for mine now it works fine. So idk why it’s bugging.
[07-31-2024 04:51:54] MESSAGE :: 127.0.0.1:moderator-only => <@1263789141955579997> this the same way I did the other shit
[07-31-2024 04:52:25] MESSAGE :: Networky:chat => What does it say when you nuke?
[07-31-2024 04:52:33] COMMAND :: Networky:chat => +nuke
[07-31-2024 04:52:38] MESSAGE :: Networky:chat => it works
[07-31-2024 04:52:40] MESSAGE :: Networky:chat => See
[07-31-2024 04:52:41] MESSAGE :: Networky:chat => the other one dont
[07-31-2024 04:53:09] MESSAGE :: Networky:chat => I’ll fix it in a little I get off here soon
[07-31-2024 04:53:50] MESSAGE :: Networky:commits => 
[07-31-2024 04:54:10] MESSAGE :: Networky:chat => off where lol
[07-31-2024 04:54:14] MESSAGE :: Networky:chat => work or some?
[07-31-2024 04:54:27] MESSAGE :: Networky:chat => Work
[07-31-2024 04:55:00] MESSAGE :: Networky:chat => oo
[07-31-2024 06:16:36] MESSAGE :: ArmoredVM:log => 
[07-31-2024 06:20:45] MESSAGE :: 127.0.0.1:commits => 
[07-31-2024 06:22:01] MESSAGE :: ArmoredVM:log => 
[07-31-2024 06:22:35] MESSAGE :: 127.0.0.1:moderator-only => yo
[07-31-2024 06:32:48] MESSAGE :: ArmoredVM:log => 
[07-31-2024 06:56:35] MESSAGE :: 127.0.0.1:commits => 
[07-31-2024 10:59:54] MESSAGE :: Networky:chat => dont add emojis directly in the source <@1131407212061921320>
[07-31-2024 11:00:22] MESSAGE :: Networky:chat => spectrum is ass
[07-31-2024 11:00:30] MESSAGE :: Networky:chat => Yea
[07-31-2024 11:01:27] MESSAGE :: Networky:chat => I'm back
[07-31-2024 11:01:38] MESSAGE :: Networky:chat => oh wb
[07-31-2024 11:01:52] MESSAGE :: Networky:chat => Still need?
[07-31-2024 11:01:53] MESSAGE :: Networky:chat => Wtf
[07-31-2024 11:02:02] MESSAGE :: Networky:chat => yr
[07-31-2024 11:02:02] MESSAGE :: Networky:chat => why everyone being alo
[07-31-2024 11:02:04] MESSAGE :: Networky:chat => thats gay
[07-31-2024 11:02:11] MESSAGE :: Networky:chat => ?
[07-31-2024 11:02:11] MESSAGE :: Networky:chat => alo?
[07-31-2024 11:02:33] MESSAGE :: Networky:chat => Im saying the names
[07-31-2024 11:02:36] MESSAGE :: Networky:chat => my nitro expired. sent $6 <@1219343171608252426>
[07-31-2024 11:02:39] MESSAGE :: Networky:chat => everyone is algo1337
[07-31-2024 11:02:39] MESSAGE :: Networky:chat => i just need $1
[07-31-2024 11:02:48] MESSAGE :: Networky:chat => bruh
[07-31-2024 11:02:49] MESSAGE :: Networky:chat => STOP
[07-31-2024 11:02:53] MESSAGE :: Networky:chat => i just realized that
[07-31-2024 11:02:59] MESSAGE :: Networky:chat => Im SkeedyBob1337
[07-31-2024 11:03:39] MESSAGE :: Networky:chat => Sent
[07-31-2024 11:04:15] MESSAGE :: Networky:chat => Okok ty
[07-31-2024 11:04:20] MESSAGE :: Networky:chat => When u working on the botskii
[07-31-2024 11:04:29] MESSAGE :: Networky:welcome => 
[07-31-2024 11:04:39] MESSAGE :: Networky:chat => Not sure yet, family reunion right now for a week
[07-31-2024 11:04:43] MESSAGE :: Networky:chat => YO WHERE THESE PPL COMING FROM
[07-31-2024 11:04:56] MESSAGE :: Networky:chat => u got 1 every other day huh
[07-31-2024 11:04:59] MESSAGE :: Networky:chat => <@1186530543605645352> my friend
[07-31-2024 11:05:01] MESSAGE :: Networky:chat => oh
[07-31-2024 11:05:21] MESSAGE :: Networky:chat => No it's family reunion that's been going on, just made a shit ton of food for the reunion this weekend
[07-31-2024 11:05:59] MESSAGE :: Networky:chat => 
[07-31-2024 11:06:04] MESSAGE :: Networky:chat => If he works with us, I'll make him a VPN Client to enhance his service
[07-31-2024 11:06:17] MESSAGE :: Networky:chat => oo noice
[07-31-2024 11:06:34] MESSAGE :: Networky:chat => Damn nigga you always with family eating
[07-31-2024 11:06:46] MESSAGE :: Networky:chat => drink and eat
[07-31-2024 11:06:46] MESSAGE :: Networky:chat => Just last week you was doing sum similar
[07-31-2024 11:06:58] MESSAGE :: Networky:chat => MY BOY GETTIN LITTY 24/7
[07-31-2024 11:07:00] MESSAGE :: Networky:chat => RIGHT
[07-31-2024 11:07:02] MESSAGE :: Networky:chat => <@1219343171608252426>
[07-31-2024 11:07:09] MESSAGE :: Networky:chat => SITTIN BK RELAXING
[07-31-2024 11:07:20] MESSAGE :: Networky:chat => https://tenor.com/view/relax-davis-garmin-brooklyn-nine-nine-im-listening-sit-back-gif-22814152
[07-31-2024 11:07:45] MESSAGE :: Networky:chat => Ong, drunk every day lol
[07-31-2024 11:08:10] MESSAGE :: Networky:chat => stop teasing
[07-31-2024 11:08:14] MESSAGE :: Networky:chat => i could use a cold one rn
[07-31-2024 11:08:21] MESSAGE :: Networky:chat => sup hackerman <@1186530543605645352>
[07-31-2024 11:08:23] MESSAGE :: Networky:chat => is he there?
[07-31-2024 11:09:18] MESSAGE :: Networky:chat => I'm about to start making YT videos
[07-31-2024 11:09:21] MESSAGE :: Networky:chat => on my apps TBH
[07-31-2024 11:09:42] MESSAGE :: Networky:chat => all my open-src/released apps
[07-31-2024 11:09:45] MESSAGE :: Networky:chat => ima expand somehow
[07-31-2024 11:09:47] MESSAGE :: Networky:chat => and move away from com
[07-31-2024 11:09:49] MESSAGE :: Networky:chat => How about a group channel
[07-31-2024 11:09:55] MESSAGE :: Networky:chat => where everyone can share videos
[07-31-2024 11:09:56] MESSAGE :: Networky:chat => That would be gr8
[07-31-2024 11:10:01] MESSAGE :: Networky:chat => na
[07-31-2024 11:10:02] MESSAGE :: Networky:chat => not that public
[07-31-2024 11:10:08] MESSAGE :: Networky:chat => Not public like us
[07-31-2024 11:10:10] MESSAGE :: Networky:chat => 2-4 maybe upt 5 ppl
[07-31-2024 11:10:19] MESSAGE :: Networky:chat => Like some people
[07-31-2024 11:10:19] MESSAGE :: Networky:chat => like i could make 2 rn
[07-31-2024 11:10:24] MESSAGE :: Networky:chat => based on the 2 apps i released
[07-31-2024 11:10:27] MESSAGE :: Networky:chat => lib and app
[07-31-2024 11:10:48] MESSAGE :: Networky:chat => i been working on more release/open-src stuff lately
[07-31-2024 11:10:52] MESSAGE :: Networky:chat => improving my github
[07-31-2024 11:10:59] MESSAGE :: Networky:chat => ppl stuck on making botnets
[07-31-2024 11:11:02] MESSAGE :: Networky:chat => my botnet lib is A1
[07-31-2024 11:11:16] MESSAGE :: Networky:chat => have u seen it? <@1158102166473539644>
[07-31-2024 11:11:16] MESSAGE :: Networky:chat => For a second I read AI
[07-31-2024 11:11:30] MESSAGE :: Networky:chat => I didnt see the lib but saw the image
[07-31-2024 11:11:44] MESSAGE :: Networky:chat => the lib is so basic
[07-31-2024 11:11:46] MESSAGE :: Networky:chat => Its on github ?
[07-31-2024 11:11:46] MESSAGE :: Networky:chat => lmao
[07-31-2024 11:11:50] MESSAGE :: Networky:chat => literally just pointer to function
[07-31-2024 11:11:51] MESSAGE :: Networky:chat => lmfao
[07-31-2024 11:11:55] MESSAGE :: Networky:chat => ye
[07-31-2024 11:12:11] MESSAGE :: Networky:chat => i could advance the shits
[07-31-2024 11:12:35] MESSAGE :: Networky:chat => https://github.com/advancedalgorithm/SkidderNet
[07-31-2024 11:12:44] MESSAGE :: Networky:chat => Yea Im looking at it rn
[07-31-2024 11:13:40] MESSAGE :: Networky:chat => make a net with it
[07-31-2024 11:13:41] MESSAGE :: Networky:chat => lmao
[07-31-2024 11:14:40] MESSAGE :: Networky:chat => i gotta add stuff to the lib
[07-31-2024 11:14:52] MESSAGE :: Networky:chat => can u do ``isinstance(var, def)``
[07-31-2024 11:14:56] MESSAGE :: Networky:chat => for function checking?
[07-31-2024 11:15:04] MESSAGE :: Networky:chat => idek
[07-31-2024 11:15:47] MESSAGE :: Networky:chat => `isinstance(var, types.FunctionType) or isinstance(var, types.BuiltinFunctionType)`
Gpt says
[07-31-2024 11:16:04] MESSAGE :: Networky:chat => For function
[07-31-2024 11:18:49] MESSAGE :: ArmoredVM:food => 
[07-31-2024 11:19:09] MESSAGE :: Networky:chat => https://tenor.com/view/da-fuck-wtf-tf-huh-what-gif-16424935
[07-31-2024 11:20:48] MESSAGE :: Networky:chat => VC? @everyone
[07-31-2024 11:21:00] MESSAGE :: Networky:chat => https://tenor.com/view/stand-cat-gif-27114887
[07-31-2024 11:21:23] MESSAGE :: Networky:chat => https://tenor.com/view/blank-stare-really-i-dont-believe-you-side-eye-looking-gif-6151149
[07-31-2024 11:21:57] MESSAGE :: Networky:chat => sup vr0
[07-31-2024 11:22:10] MESSAGE :: Networky:chat => did you read above?
[07-31-2024 11:23:28] MESSAGE :: Networky:chat => no
[07-31-2024 11:24:03] MESSAGE :: Networky:chat => ^ from here
[07-31-2024 11:26:01] MESSAGE :: Networky:chat => don’t really need it tbh
[07-31-2024 11:26:20] MESSAGE :: Networky:chat => i could make one myself but there’s really no point
[07-31-2024 11:26:43] MESSAGE :: Networky:chat => Could ya now
[07-31-2024 11:26:52] MESSAGE :: Networky:chat => yeah
[07-31-2024 11:27:09] MESSAGE :: Networky:chat => wait wait
[07-31-2024 11:27:15] MESSAGE :: Networky:chat => do you know Jeff?
[07-31-2024 11:27:28] MESSAGE :: Networky:chat => Yo that site needs an upgrade my boii
[07-31-2024 11:27:30] MESSAGE :: Networky:chat => no
[07-31-2024 11:27:46] MESSAGE :: Networky:chat => it’s just there for easy advertising
[07-31-2024 11:27:59] MESSAGE :: Networky:chat => it’s not an actual serious site
[07-31-2024 11:28:26] MESSAGE :: Networky:chat => do you have dms on IG with jeffery.py?
[07-31-2024 11:28:40] MESSAGE :: Networky:chat => i don’t think so
[07-31-2024 11:28:45] MESSAGE :: Networky:chat => are you able to check
[07-31-2024 11:29:07] MESSAGE :: Networky:chat => 
[07-31-2024 11:29:10] MESSAGE :: Networky:chat => none
[07-31-2024 11:31:38] MESSAGE :: Networky:chat => Oh ok
[07-31-2024 11:31:57] MESSAGE :: Networky:chat => We talked but idk what name i was using @ the time
[07-31-2024 11:40:25] MESSAGE :: ArmoredVM:log => 
[07-31-2024 11:44:37] MESSAGE :: Networky:chat => hmm
[07-31-2024 11:48:43] MESSAGE :: ArmoredVM:log => 
[07-31-2024 11:53:37] MESSAGE :: ArmoredVM:log => 
[07-31-2024 12:00:39] MESSAGE :: ArmoredVM:log => 
[07-31-2024 12:02:48] MESSAGE :: ArmoredVM:log => 
[07-31-2024 12:10:29] MESSAGE :: 127.0.0.1:moderator-only => <@1235776145819959318>
[07-31-2024 12:10:35] MESSAGE :: 127.0.0.1:moderator-only => ```c
void main(int argc,char **argv)

{
  int cpu;
  
  if (argc == 2) {
    PROGRAM = argv[1];
  }
  initscr();
  start_color();
  noecho();
  cbreak();
  do {
    cpu = get_cpu_usage();
    draw(cpu);
    sleep(1);
  } while( true );
}```
[07-31-2024 12:10:42] MESSAGE :: 127.0.0.1:moderator-only => ```c
int get_cpu_usage(void)

{
  int cpu_ret;
  FILE *__stream;
  long *in_FS_OFFSET;
  char buf [136];
  long stack_cookie;
  
  stack_cookie = in_FS_OFFSET[5];
  __stream = popen("top -bn1 | grep \'Cpu(s)\' | sed \'s/.*, *\\([0-9.]*\\)%* id.*/\\1/\' | awk \'{p rint 100 - $1}\'"
                   ,"r");
  if (__stream == (FILE *)0x0) {
    cpu_ret = 0;
  }
  else {
    fgets(buf,127,__stream);
    pclose(__stream);
    cpu_ret = atoi(buf);
  }
  if (stack_cookie != in_FS_OFFSET[5]) {
                    /* WARNING: Subroutine does not return */
    __stack_chk_fail();
  }
  return cpu_ret;
}```
[07-31-2024 12:11:01] MESSAGE :: 127.0.0.1:moderator-only => ```c

void draw(int cpu_usage)

{
  int iVar1;
  int max_history;
  int idx_max;
  int idx_row;
  int idx_col;
  
  wclear(stdscr);
                    /* add reading to the array */
  history[hist_index] = cpu_usage;
  hist_index = (hist_index + 1) % 50;
                    /* find max value */
  max_history = 0;
  for (idx_max = 0; idx_max < 50; idx_max = idx_max + 1) {
    if (max_history < history[idx_max]) {
      max_history = history[idx_max];
    }
  }
  mvprintw(0,0,"CPU usage: %d%% (%s)",cpu_usage,PROGRAM);
  init_pair(1,4,0);
                    /* loop through rows */
  for (idx_row = 0; idx_row < 25; idx_row = idx_row + 1) {
                    /* print row 'header' (left most value) */
    mvprintw(idx_row + 1,0,"%4d");
                    /* loop through columns */
    for (idx_col = 0; idx_col < 50; idx_col = idx_col + 1) {
      iVar1 = history[(hist_index + idx_col) % 50];
      if (iVar1 < 0) {
        iVar1 = iVar1 + 3;
      }
      if (iVar1 >> 2 < (24 - idx_row) * (max_history / 25 + 1)) {
                    /* above if reads like it scales height of each column
                       draw background dots */
        mvprintw(idx_row + 1,idx_col + 5,".");
      }
      else {
        wattr_on(stdscr,0x100,0);
        mvprintw(idx_row + 1,idx_col + 5,"X");
        wattr_off(stdscr,0x100,0);
      }
    }
  }
  wrefresh(stdscr);
  return;
}

```
[07-31-2024 12:11:29] MESSAGE :: 127.0.0.1:moderator-only => 'decompiled' and cleaned up that 'c-monitor'
[07-31-2024 12:11:51] MESSAGE :: Networky:chat => https://youtu.be/Rj3sTAMYNQk?si=U4feu31HI4rNtmEd
[07-31-2024 12:12:06] MESSAGE :: Networky:chat => https://youtu.be/Rj3sTAMYNQk?si=L6vBl-68OoDxZlE7&t=282
[07-31-2024 12:12:21] MESSAGE :: Networky:chat => this explains alot of ppl saturating SSH port
[07-31-2024 12:12:46] MESSAGE :: 127.0.0.1:moderator-only => LMAO
[07-31-2024 12:13:02] MESSAGE :: 127.0.0.1:moderator-only => send me the decompiled script
[07-31-2024 12:13:20] MESSAGE :: 127.0.0.1:moderator-only => have you get to finding the popped keragation yet?
[07-31-2024 12:13:21] MESSAGE :: 127.0.0.1:moderator-only => that is it
[07-31-2024 12:13:24] MESSAGE :: 127.0.0.1:moderator-only => oo
[07-31-2024 12:13:40] MESSAGE :: 127.0.0.1:moderator-only => eh not since the last one. I kept finding too many versions that did too many things
[07-31-2024 12:14:00] MESSAGE :: 127.0.0.1:moderator-only => last one he did was python and that hasn't decompiled nicely for a while with how quickly they're updating everything
[07-31-2024 12:14:03] MESSAGE :: ArmoredVM:joins => 
[07-31-2024 12:14:29] MESSAGE :: 127.0.0.1:moderator-only => that thing hasnt been updated in 3 yrs
[07-31-2024 12:15:01] MESSAGE :: 127.0.0.1:moderator-only => UNLESS, he has a site with the most updated version (IF HE EVEN UPDATES IT. HES NOT INTO THIS STUFF ANYMORE)
[07-31-2024 12:15:58] MESSAGE :: 127.0.0.1:moderator-only => last time I looked I found more than 2 (maybe more than 3) that were signifigantly different but weren't like years apart
[07-31-2024 12:16:14] MESSAGE :: 127.0.0.1:moderator-only => Oh yh idk then
[07-31-2024 12:17:59] MESSAGE :: 127.0.0.1:moderator-only => ```
Keragation_x86_64_extracted/   Keregation-Website-Source.zip  Kerigation_junk/

Download           Keragation_x86_64  TrinityTheSkid     main               main-2.unupx
Download.zip       Keregation?        TrinityTheSkid.zip main-2

Keregation?:
Download_2.zip             main_development           main_development_extracted``` too much
[07-31-2024 12:19:52] MESSAGE :: 127.0.0.1:moderator-only => anyways imma be gone for like a week. i might try to get on discord on my other laptop but I wouldn't hold my breath
[07-31-2024 12:20:21] MESSAGE :: 127.0.0.1:moderator-only => What do you use to decompile?
[07-31-2024 12:20:23] MESSAGE :: 127.0.0.1:moderator-only => IDA?
[07-31-2024 12:20:32] MESSAGE :: 127.0.0.1:moderator-only => do you use the Pro version ?
[07-31-2024 12:20:44] MESSAGE :: 127.0.0.1:moderator-only => holy
[07-31-2024 12:20:55] MESSAGE :: 127.0.0.1:moderator-only => this a RE box or something ? lol
[07-31-2024 12:21:06] MESSAGE :: 127.0.0.1:moderator-only => `init_pair@NCURSES6_5.0.19991023` all those functions are ncurses
[07-31-2024 12:21:20] MESSAGE :: 127.0.0.1:moderator-only => `.comment::00000000    GCC: (Ubuntu 11.4.0-1ubuntu1~22.04) 11.4.0    "GCC: (Ubuntu 11.4.0-1ubuntu1~22.04) 11.4.0"    ds`
on that ubuntu
[07-31-2024 12:21:59] MESSAGE :: 127.0.0.1:moderator-only => https://tenor.com/view/interesting-batman-very-interesting-thinking-gif-16421084
[07-31-2024 12:22:10] MESSAGE :: 127.0.0.1:moderator-only => I guess. its just my mac which is what I main every day, not specific for anything
[07-31-2024 12:22:17] MESSAGE :: 127.0.0.1:moderator-only => man no one makes apps in com to even practice on lmao
[07-31-2024 12:22:26] MESSAGE :: 127.0.0.1:moderator-only => da fuck
[07-31-2024 12:22:28] MESSAGE :: 127.0.0.1:moderator-only => on a MAC
[07-31-2024 12:22:39] MESSAGE :: 127.0.0.1:moderator-only => <:spongecryin:1246983177910620233>
[07-31-2024 12:22:57] MESSAGE :: 127.0.0.1:moderator-only => I like 1) my shit to just work and 2) my desktop ui to be consistent
[07-31-2024 12:23:09] MESSAGE :: 127.0.0.1:moderator-only => and 3) nothing can accidentally run
[07-31-2024 12:23:19] MESSAGE :: 127.0.0.1:moderator-only => Lmfaoo
[07-31-2024 12:23:25] MESSAGE :: 127.0.0.1:moderator-only => and its still a *nix so I can do most linux things on it
[07-31-2024 12:23:43] MESSAGE :: 127.0.0.1:moderator-only => also. probably the most important
[07-31-2024 12:23:47] MESSAGE :: 127.0.0.1:moderator-only => 4) im not poor
[07-31-2024 12:24:09] MESSAGE :: 127.0.0.1:moderator-only => but 3 is probably the real 'best' reason
[07-31-2024 12:24:43] MESSAGE :: 127.0.0.1:moderator-only => Yh im aware
[07-31-2024 12:24:48] MESSAGE :: 127.0.0.1:moderator-only => Alot of unix cmds there too
[07-31-2024 12:24:50] MESSAGE :: 127.0.0.1:moderator-only => Most
[07-31-2024 12:25:05] MESSAGE :: 127.0.0.1:moderator-only => Stop
[07-31-2024 12:25:17] MESSAGE :: 127.0.0.1:moderator-only => No one makes shit for it, hence why u safe here
[07-31-2024 12:25:32] MESSAGE :: 127.0.0.1:moderator-only => doesnt matter if people make shit for it or not
[07-31-2024 12:25:43] MESSAGE :: 127.0.0.1:moderator-only => linux or windows malware *literally* can't infect it
[07-31-2024 12:25:50] MESSAGE :: 127.0.0.1:moderator-only => Noticed it back then R.A.T. Skid dayz
[07-31-2024 12:25:58] MESSAGE :: 127.0.0.1:moderator-only => so long as I'm not analyzing mac malware on it, it's safe
[07-31-2024 12:26:13] MESSAGE :: 127.0.0.1:moderator-only => <:kek10:1246983287344201758>
[07-31-2024 12:26:20] MESSAGE :: 127.0.0.1:moderator-only => Nice
[07-31-2024 12:34:42] MESSAGE :: ArmoredVM:log => 
[07-31-2024 12:35:40] MESSAGE :: ArmoredVM:log => 
[07-31-2024 12:38:47] MESSAGE :: ArmoredVM:log => 
[07-31-2024 12:49:26] MESSAGE :: ArmoredVM:log => 
[07-31-2024 12:51:42] MESSAGE :: 127.0.0.1:off-topic => 
[07-31-2024 12:52:49] MESSAGE :: ArmoredVM:log => 
[07-31-2024 12:53:57] MESSAGE :: ArmoredVM:log => 
[07-31-2024 12:57:11] MESSAGE :: ArmoredVM:log => 
[07-31-2024 12:58:48] MESSAGE :: ArmoredVM:log => 
[07-31-2024 13:03:03] MESSAGE :: ArmoredVM:log => 
[07-31-2024 13:03:09] MESSAGE :: ArmoredVM:log => 
[07-31-2024 13:14:31] COMMAND :: 127.0.0.1:news => +purge 4
[07-31-2024 13:18:18] MESSAGE :: ArmoredVM:log => 
[07-31-2024 13:25:28] MESSAGE :: ArmoredVM:bots => Looks like my old bot
[07-31-2024 13:26:35] MESSAGE :: ArmoredVM:log => 
[07-31-2024 13:27:53] MESSAGE :: ArmoredVM:log => 
[07-31-2024 14:04:24] MESSAGE :: ArmoredVM:log => 
[07-31-2024 14:23:42] MESSAGE :: ArmoredVM:log => 
[07-31-2024 14:24:51] MESSAGE :: ArmoredVM:log => 
[07-31-2024 14:25:21] MESSAGE :: ArmoredVM:log => 
[07-31-2024 14:26:50] MESSAGE :: ArmoredVM:log => 
[07-31-2024 14:27:57] MESSAGE :: ArmoredVM:log => 
[07-31-2024 14:28:17] MESSAGE :: ArmoredVM:log => 
[07-31-2024 14:29:14] MESSAGE :: ArmoredVM:log => 
[07-31-2024 14:30:11] MESSAGE :: ArmoredVM:log => 
[07-31-2024 14:30:48] MESSAGE :: ArmoredVM:log => 
[07-31-2024 14:32:17] MESSAGE :: ArmoredVM:log => 
[07-31-2024 14:33:56] MESSAGE :: ArmoredVM:log => 
[07-31-2024 14:34:31] MESSAGE :: ArmoredVM:log => 
[07-31-2024 14:34:41] MESSAGE :: ArmoredVM:log => 
[07-31-2024 14:37:31] MESSAGE :: ArmoredVM:joins => 
[07-31-2024 14:37:52] MESSAGE :: ArmoredVM:log => 
[07-31-2024 14:38:47] MESSAGE :: ArmoredVM:log => 
[07-31-2024 14:40:38] MESSAGE :: ArmoredVM:log => 
[07-31-2024 14:41:18] MESSAGE :: ArmoredVM:log => 
[07-31-2024 14:41:55] MESSAGE :: ArmoredVM:log => 
[07-31-2024 14:43:19] MESSAGE :: ArmoredVM:log => 
[07-31-2024 14:44:27] MESSAGE :: ArmoredVM:log => 
[07-31-2024 14:45:57] MESSAGE :: ArmoredVM:log => 
[07-31-2024 14:46:59] MESSAGE :: ArmoredVM:log => 
[07-31-2024 14:47:39] MESSAGE :: ArmoredVM:log => 
[07-31-2024 14:49:19] MESSAGE :: ArmoredVM:log => 
[07-31-2024 14:49:23] MESSAGE :: ArmoredVM:log => 
[07-31-2024 14:50:29] MESSAGE :: ArmoredVM:log => 
[07-31-2024 14:50:34] MESSAGE :: ArmoredVM:log => 
[07-31-2024 14:51:26] MESSAGE :: ArmoredVM:log => 
[07-31-2024 14:55:30] MESSAGE :: ArmoredVM:bots => https://puu.sh/Kc305/14f7c18934.png
[07-31-2024 14:55:54] MESSAGE :: ArmoredVM:log => 
[07-31-2024 14:56:05] MESSAGE :: ArmoredVM:log => 
[07-31-2024 14:56:24] MESSAGE :: ArmoredVM:log => 
[07-31-2024 14:56:51] MESSAGE :: ArmoredVM:log => 
[07-31-2024 14:57:28] MESSAGE :: ArmoredVM:log => 
[07-31-2024 14:57:40] MESSAGE :: ArmoredVM:log => 
[07-31-2024 15:06:39] MESSAGE :: ArmoredVM:log => 
[07-31-2024 15:08:06] MESSAGE :: ArmoredVM:log => 
[07-31-2024 15:25:39] MESSAGE :: ArmoredVM:log => 
[07-31-2024 15:29:55] MESSAGE :: Networky:chat => <@1219343171608252426> is <@1257124647481118892> ur friend too?
[07-31-2024 15:30:28] MESSAGE :: Networky:chat => are you ever gon work on this bot? <@1214527123423891509>
[07-31-2024 15:30:42] MESSAGE :: Networky:chat => before i come up with new plans
[07-31-2024 15:42:56] MESSAGE :: ArmoredVM:log => 
[07-31-2024 15:43:01] MESSAGE :: Networky:chat => rgeg
[07-31-2024 15:43:01] MESSAGE :: Networky:chat => rgeg
[07-31-2024 15:44:39] COMMAND :: Networky:chat => +help
[07-31-2024 15:46:10] COMMAND :: Networky:chat => +help
[07-31-2024 15:46:13] COMMAND :: Networky:chat => +purge 3
[07-31-2024 16:03:37] MESSAGE :: 127.0.0.1:commits => 
[07-31-2024 16:37:22] MESSAGE :: ArmoredVM:log => 
[07-31-2024 16:39:14] MESSAGE :: ArmoredVM:log => 
[07-31-2024 16:42:19] MESSAGE :: ArmoredVM:log => 
[07-31-2024 16:44:51] MESSAGE :: ArmoredVM:log => 
[07-31-2024 16:53:56] MESSAGE :: ArmoredVM:bots => 
[07-31-2024 16:56:06] MESSAGE :: ArmoredVM:bots => 
[07-31-2024 16:57:41] MESSAGE :: ArmoredVM:bots => /range
[07-31-2024 16:57:47] MESSAGE :: ArmoredVM:bots => 
[07-31-2024 16:57:52] MESSAGE :: ArmoredVM:bots => 
[07-31-2024 16:57:56] MESSAGE :: ArmoredVM:bots => <:catsip:1108259882001514496>
[07-31-2024 17:01:22] MESSAGE :: ArmoredVM:log => 
[07-31-2024 17:07:06] MESSAGE :: ArmoredVM:log => 
[07-31-2024 17:10:32] MESSAGE :: Networky:chat => 
[07-31-2024 17:15:57] MESSAGE :: ArmoredVM:log => 
[07-31-2024 17:16:52] MESSAGE :: ArmoredVM:log => 
[07-31-2024 17:29:53] MESSAGE :: 127.0.0.1:news => selling twilight webstresser 100$ and boatnet src 50$
[07-31-2024 17:39:04] MESSAGE :: Networky:chat => prlly noy tbh
[07-31-2024 17:39:09] MESSAGE :: Networky:chat => i js wanna see how its coming along
[07-31-2024 17:39:11] MESSAGE :: Networky:chat => i hate py
[07-31-2024 17:39:20] MESSAGE :: Networky:chat => rather learn a new lang then code py
[07-31-2024 17:43:19] MESSAGE :: Networky:chat => Kk
[07-31-2024 17:43:26] MESSAGE :: Networky:chat => I might vanish
[07-31-2024 17:43:29] MESSAGE :: Networky:chat => Soon
[07-31-2024 17:44:03] MESSAGE :: 127.0.0.1:off-topic => <@1214527123423891509> https://discord.com/channels/1244277388351635457/1244277471994445904/1268334848573968405 <#1268196730843955271>
[07-31-2024 17:44:11] MESSAGE :: 127.0.0.1:off-topic => pl0x
[07-31-2024 17:48:02] MESSAGE :: ArmoredVM:log => 
[07-31-2024 17:51:56] MESSAGE :: ArmoredVM:log => 
[07-31-2024 17:52:00] MESSAGE :: ArmoredVM:log => 
[07-31-2024 17:55:55] MESSAGE :: ArmoredVM:log => 
[07-31-2024 18:21:27] MESSAGE :: Networky:chat => you want `callable()`?
```py
>>> def lol():
...     pass
... 
>>> x = 10
>>> 
>>> callable(lol)
True
>>> callable(x)
False```
[07-31-2024 18:21:50] MESSAGE :: Networky:chat => ig
[07-31-2024 18:21:54] MESSAGE :: Networky:chat => interesting
[07-31-2024 18:22:04] MESSAGE :: Networky:chat => JOIN BACK
[07-31-2024 18:22:12] MESSAGE :: Networky:chat => lord this lingo
[07-31-2024 18:22:57] MESSAGE :: Networky:chat => are you deaf
[07-31-2024 18:23:09] MESSAGE :: Networky:chat => eh
[07-31-2024 18:25:43] MESSAGE :: ArmoredVM:log => 
[07-31-2024 18:26:35] MESSAGE :: ArmoredVM:log => 
[07-31-2024 18:35:30] MESSAGE :: 127.0.0.1:off-topic => 
[07-31-2024 18:39:18] MESSAGE :: ArmoredVM:log => 
[07-31-2024 18:43:23] MESSAGE :: Networky:chat => BRB
[07-31-2024 18:50:07] MESSAGE :: Networky:chat => Kk
[07-31-2024 19:44:13] MESSAGE :: ArmoredVM:log => 
[07-31-2024 20:00:53] MESSAGE :: ArmoredVM:log => 
[07-31-2024 20:08:16] MESSAGE :: 127.0.0.1:memes => 
[07-31-2024 20:08:24] MESSAGE :: 127.0.0.1:memes => 
[07-31-2024 20:14:07] MESSAGE :: ArmoredVM:log => 
[07-31-2024 20:17:39] MESSAGE :: ArmoredVM:log => 
[07-31-2024 20:21:19] MESSAGE :: ArmoredVM:log => 
[07-31-2024 20:21:26] MESSAGE :: ArmoredVM:log => 
[07-31-2024 20:33:36] MESSAGE :: ArmoredVM:bots => 
[07-31-2024 20:46:16] MESSAGE :: ArmoredVM:log => 
[07-31-2024 20:46:34] MESSAGE :: ArmoredVM:log => 
[07-31-2024 20:52:57] MESSAGE :: ArmoredVM:log => 
